-- Found ament_cmake: 1.1.4 (/opt/ros2/galactic/share/ament_cmake/cmake)
-- Using PYTHON_EXECUTABLE: /usr/bin/python3
-- Found rclcpp: 9.1.0 (/opt/ros2/galactic/share/rclcpp/cmake)
-- Using all available rosidl_typesupport_c: rosidl_typesupport_fastrtps_c;rosidl_typesupport_introspection_c
-- Found rosidl_adapter: 2.2.1 (/opt/ros2/galactic/share/rosidl_adapter/cmake)
-- Using all available rosidl_typesupport_cpp: rosidl_typesupport_fastrtps_cpp;rosidl_typesupport_introspection_cpp
-- Found rmw_implementation_cmake: 3.3.1 (/opt/ros2/galactic/share/rmw_implementation_cmake/cmake)
-- Found rmw_cyclonedds_cpp: 0.22.3 (/opt/ros2/galactic/share/rmw_cyclonedds_cpp/cmake)
-- Using RMW implementation 'rmw_cyclonedds_cpp' as default
-- Found rclpy: 1.9.0 (/opt/ros2/galactic/share/rclpy/cmake)
-- Found protocol: 1.0.0 (/opt/ros2/cyberdog/share/protocol/cmake)
-- Found cyberdog_system: 0.0.0 (/opt/ros2/cyberdog/share/cyberdog_system/cmake)
-- Found cyberdog_debug: 0.0.0 (/opt/ros2/cyberdog/share/cyberdog_debug/cmake)
-- Found cyberdog_common: 0.0.0 (/opt/ros2/cyberdog/share/cyberdog_common/cmake)
-- Found skin_manager: 0.0.0 (/opt/ros2/cyberdog/share/skin_manager/cmake)
-- Found ament_lint_auto: 0.10.6 (/opt/ros2/galactic/share/ament_lint_auto/cmake)
-- Added test 'copyright' to check source files copyright and LICENSE
-- Added test 'cppcheck' to perform static code analysis on C / C++ code
-- Configured cppcheck include dirs: /SDCARD/workspace/motion_action/include
-- Configured cppcheck exclude dirs and/or files: 
-- Added test 'cpplint' to check C / C++ code against the Google style
-- Configured cpplint exclude dirs and/or files: 
-- Added test 'flake8' to check Python code syntax and style conventions
-- Added test 'lint_cmake' to check CMake code style
-- Added test 'pep257' to check Python code against some of the style conventions in PEP 257
-- Added test 'uncrustify' to check C / C++ code style
-- Configured uncrustify additional arguments: 
-- Added test 'xmllint' to check XML markup files
-- Configuring done
-- Generating done
-- Build files have been written to: /SDCARD/workspace/motion_action/build/motion_action
[35m[1mConsolidate compiler generated dependencies of target motion_action[0m
[ 20%] Built target motion_action
[ 20%] Built target ament_cmake_python_symlink_motion_action
[35m[1mConsolidate compiler generated dependencies of target publisher_test[0m
[ 40%] Built target publisher_test
running egg_info
writing motion_action.egg-info/PKG-INFO
writing dependency_links to motion_action.egg-info/dependency_links.txt
writing top-level names to motion_action.egg-info/top_level.txt
reading manifest file 'motion_action.egg-info/SOURCES.txt'
writing manifest file 'motion_action.egg-info/SOURCES.txt'
[ 40%] Built target ament_cmake_python_build_motion_action_egg
[ 50%] [32mBuilding CXX object CMakeFiles/manager_test.dir/test/manager_test.cpp.o[0m
[01m[K/SDCARD/workspace/motion_action/test/manager_test.cpp:250:1:[m[K [01;31m[Kfatal error: [m[Kerror writing to /tmp/ccnrml22.s: No space left on device
 [01;31m[K}[m[K

 [01;31m[K^[m[K
compilation terminated.
CMakeFiles/manager_test.dir/build.make:75: recipe for target 'CMakeFiles/manager_test.dir/test/manager_test.cpp.o' failed
make[2]: *** [CMakeFiles/manager_test.dir/test/manager_test.cpp.o] Error 1
CMakeFiles/Makefile2:277: recipe for target 'CMakeFiles/manager_test.dir/all' failed
Makefile:145: recipe for target 'all' failed
make[1]: *** [CMakeFiles/manager_test.dir/all] Error 2
make: *** [all] Error 2
