[0.161s] Invoking command in '/SDCARD/workspace/motion_action/build/motion_action': /usr/local/bin/cmake --build /SDCARD/workspace/motion_action/build/motion_action -- -j6 -l6
[0.252s] -- Found ament_cmake: 1.1.4 (/opt/ros2/galactic/share/ament_cmake/cmake)
[0.401s] -- Using PYTHON_EXECUTABLE: /usr/bin/python3
[0.985s] -- Found rclcpp: 9.1.0 (/opt/ros2/galactic/share/rclcpp/cmake)
[1.175s] -- Using all available rosidl_typesupport_c: rosidl_typesupport_fastrtps_c;rosidl_typesupport_introspection_c
[1.196s] -- Found rosidl_adapter: 2.2.1 (/opt/ros2/galactic/share/rosidl_adapter/cmake)
[1.660s] -- Using all available rosidl_typesupport_cpp: rosidl_typesupport_fastrtps_cpp;rosidl_typesupport_introspection_cpp
[1.915s] -- Found rmw_implementation_cmake: 3.3.1 (/opt/ros2/galactic/share/rmw_implementation_cmake/cmake)
[1.923s] -- Found rmw_cyclonedds_cpp: 0.22.3 (/opt/ros2/galactic/share/rmw_cyclonedds_cpp/cmake)
[2.013s] -- Using RMW implementation 'rmw_cyclonedds_cpp' as default
[2.583s] -- Found rclpy: 1.9.0 (/opt/ros2/galactic/share/rclpy/cmake)
[2.584s] -- Found protocol: 1.0.0 (/opt/ros2/cyberdog/share/protocol/cmake)
[4.031s] -- Found cyberdog_system: 0.0.0 (/opt/ros2/cyberdog/share/cyberdog_system/cmake)
[4.037s] -- Found cyberdog_debug: 0.0.0 (/opt/ros2/cyberdog/share/cyberdog_debug/cmake)
[4.043s] -- Found cyberdog_common: 0.0.0 (/opt/ros2/cyberdog/share/cyberdog_common/cmake)
[4.147s] -- Found skin_manager: 0.0.0 (/opt/ros2/cyberdog/share/skin_manager/cmake)
[4.935s] -- Found ament_lint_auto: 0.10.6 (/opt/ros2/galactic/share/ament_lint_auto/cmake)
[5.712s] -- Added test 'copyright' to check source files copyright and LICENSE
[5.789s] -- Added test 'cppcheck' to perform static code analysis on C / C++ code
[5.792s] -- Configured cppcheck include dirs: /SDCARD/workspace/motion_action/include
[5.793s] -- Configured cppcheck exclude dirs and/or files: 
[5.865s] -- Added test 'cpplint' to check C / C++ code against the Google style
[5.865s] -- Configured cpplint exclude dirs and/or files: 
[5.880s] -- Added test 'flake8' to check Python code syntax and style conventions
[5.893s] -- Added test 'lint_cmake' to check CMake code style
[5.903s] -- Added test 'pep257' to check Python code against some of the style conventions in PEP 257
[5.970s] -- Added test 'uncrustify' to check C / C++ code style
[5.971s] -- Configured uncrustify additional arguments: 
[5.980s] -- Added test 'xmllint' to check XML markup files
[6.002s] -- Configuring done
[6.213s] -- Generating done
[6.227s] -- Build files have been written to: /SDCARD/workspace/motion_action/build/motion_action
[6.300s] [35m[1mConsolidate compiler generated dependencies of target motion_action[0m
[6.368s] [ 20%] Built target motion_action
[6.424s] [ 20%] Built target ament_cmake_python_symlink_motion_action
[6.456s] [35m[1mConsolidate compiler generated dependencies of target publisher_test[0m
[6.522s] [ 40%] Built target publisher_test
[8.178s] running egg_info
[8.182s] writing motion_action.egg-info/PKG-INFO
[8.183s] writing dependency_links to motion_action.egg-info/dependency_links.txt
[8.184s] writing top-level names to motion_action.egg-info/top_level.txt
[8.207s] reading manifest file 'motion_action.egg-info/SOURCES.txt'
[8.218s] writing manifest file 'motion_action.egg-info/SOURCES.txt'
[8.325s] [ 40%] Built target ament_cmake_python_build_motion_action_egg
[8.370s] [ 50%] [32mBuilding CXX object CMakeFiles/manager_test.dir/test/manager_test.cpp.o[0m
[75.660s] [01m[K/SDCARD/workspace/motion_action/test/manager_test.cpp:250:1:[m[K [01;31m[Kfatal error: [m[Kerror writing to /tmp/ccnrml22.s: No space left on device
[75.661s]  [01;31m[K}[m[K
[75.664s] 
[75.664s]  [01;31m[K^[m[K
[75.667s] compilation terminated.
[75.788s] CMakeFiles/manager_test.dir/build.make:75: recipe for target 'CMakeFiles/manager_test.dir/test/manager_test.cpp.o' failed
[75.789s] make[2]: *** [CMakeFiles/manager_test.dir/test/manager_test.cpp.o] Error 1
[75.790s] CMakeFiles/Makefile2:277: recipe for target 'CMakeFiles/manager_test.dir/all' failed
[75.791s] Makefile:145: recipe for target 'all' failed
[75.793s] make[1]: *** [CMakeFiles/manager_test.dir/all] Error 2
[75.803s] make: *** [all] Error 2
[75.811s] Invoked command in '/SDCARD/workspace/motion_action/build/motion_action' returned '2': /usr/local/bin/cmake --build /SDCARD/workspace/motion_action/build/motion_action -- -j6 -l6
